<?xml version="1.0" encoding="UTF-8"?>
<testsuite name="runners.cukesRunner" time="218.389" tests="31" errors="0" skipped="0" failures="0">
  <properties>
    <property name="java.runtime.name" value="Java(TM) SE Runtime Environment"/>
    <property name="sun.boot.library.path" value="/Library/Java/JavaVirtualMachines/jdk1.8.0_241.jdk/Contents/Home/jre/lib"/>
    <property name="java.vm.version" value="25.241-b07"/>
    <property name="gopherProxySet" value="false"/>
    <property name="java.vm.vendor" value="Oracle Corporation"/>
    <property name="maven.multiModuleProjectDirectory" value="/Users/redcrow/Desktop/Projects/ToxicSushi"/>
    <property name="java.vendor.url" value="http://java.oracle.com/"/>
    <property name="path.separator" value=":"/>
    <property name="guice.disable.misplaced.annotation.check" value="true"/>
    <property name="java.vm.name" value="Java HotSpot(TM) 64-Bit Server VM"/>
    <property name="file.encoding.pkg" value="sun.io"/>
    <property name="user.country" value="US"/>
    <property name="sun.java.launcher" value="SUN_STANDARD"/>
    <property name="sun.os.patch.level" value="unknown"/>
    <property name="java.vm.specification.name" value="Java Virtual Machine Specification"/>
    <property name="user.dir" value="/Users/redcrow/Desktop/Projects/ToxicSushi"/>
    <property name="java.runtime.version" value="1.8.0_241-b07"/>
    <property name="java.awt.graphicsenv" value="sun.awt.CGraphicsEnvironment"/>
    <property name="java.endorsed.dirs" value="/Library/Java/JavaVirtualMachines/jdk1.8.0_241.jdk/Contents/Home/jre/lib/endorsed"/>
    <property name="os.arch" value="x86_64"/>
    <property name="java.io.tmpdir" value="/var/folders/x8/s3dlcbw158qdkxtg3jkjct_r0000gn/T/"/>
    <property name="line.separator" value="&#10;"/>
    <property name="java.vm.specification.vendor" value="Oracle Corporation"/>
    <property name="os.name" value="Mac OS X"/>
    <property name="classworlds.conf" value="/Users/redcrow/Desktop/Selenium/apache-maven-3.6.3/bin/m2.conf"/>
    <property name="sun.jnu.encoding" value="UTF-8"/>
    <property name="java.library.path" value="/Users/redcrow/Library/Java/Extensions:/Library/Java/Extensions:/Network/Library/Java/Extensions:/System/Library/Java/Extensions:/usr/lib/java:."/>
    <property name="maven.conf" value="/Users/redcrow/Desktop/Selenium/apache-maven-3.6.3/conf"/>
    <property name="java.specification.name" value="Java Platform API Specification"/>
    <property name="java.class.version" value="52.0"/>
    <property name="sun.management.compiler" value="HotSpot 64-Bit Tiered Compilers"/>
    <property name="os.version" value="10.15.6"/>
    <property name="library.jansi.path" value="/Users/redcrow/Desktop/Selenium/apache-maven-3.6.3/lib/jansi-native"/>
    <property name="http.nonProxyHosts" value="local|*.local|169.254/16|*.169.254/16"/>
    <property name="user.home" value="/Users/redcrow"/>
    <property name="user.timezone" value="America/New_York"/>
    <property name="java.awt.printerjob" value="sun.lwawt.macosx.CPrinterJob"/>
    <property name="java.specification.version" value="1.8"/>
    <property name="file.encoding" value="UTF-8"/>
    <property name="user.name" value="redcrow"/>
    <property name="java.class.path" value="/Users/redcrow/Desktop/Selenium/apache-maven-3.6.3/boot/plexus-classworlds-2.6.0.jar"/>
    <property name="java.vm.specification.version" value="1.8"/>
    <property name="sun.arch.data.model" value="64"/>
    <property name="java.home" value="/Library/Java/JavaVirtualMachines/jdk1.8.0_241.jdk/Contents/Home/jre"/>
    <property name="sun.java.command" value="org.codehaus.plexus.classworlds.launcher.Launcher verify"/>
    <property name="java.specification.vendor" value="Oracle Corporation"/>
    <property name="user.language" value="en"/>
    <property name="awt.toolkit" value="sun.lwawt.macosx.LWCToolkit"/>
    <property name="java.vm.info" value="mixed mode"/>
    <property name="java.version" value="1.8.0_241"/>
    <property name="java.ext.dirs" value="/Users/redcrow/Library/Java/Extensions:/Library/Java/JavaVirtualMachines/jdk1.8.0_241.jdk/Contents/Home/jre/lib/ext:/Library/Java/Extensions:/Network/Library/Java/Extensions:/System/Library/Java/Extensions:/usr/lib/java"/>
    <property name="sun.boot.class.path" value="/Library/Java/JavaVirtualMachines/jdk1.8.0_241.jdk/Contents/Home/jre/lib/resources.jar:/Library/Java/JavaVirtualMachines/jdk1.8.0_241.jdk/Contents/Home/jre/lib/rt.jar:/Library/Java/JavaVirtualMachines/jdk1.8.0_241.jdk/Contents/Home/jre/lib/sunrsasign.jar:/Library/Java/JavaVirtualMachines/jdk1.8.0_241.jdk/Contents/Home/jre/lib/jsse.jar:/Library/Java/JavaVirtualMachines/jdk1.8.0_241.jdk/Contents/Home/jre/lib/jce.jar:/Library/Java/JavaVirtualMachines/jdk1.8.0_241.jdk/Contents/Home/jre/lib/charsets.jar:/Library/Java/JavaVirtualMachines/jdk1.8.0_241.jdk/Contents/Home/jre/lib/jfr.jar:/Library/Java/JavaVirtualMachines/jdk1.8.0_241.jdk/Contents/Home/jre/classes"/>
    <property name="java.vendor" value="Oracle Corporation"/>
    <property name="maven.home" value="/Users/redcrow/Desktop/Selenium/apache-maven-3.6.3"/>
    <property name="file.separator" value="/"/>
    <property name="java.vendor.url.bug" value="http://bugreport.sun.com/bugreport/"/>
    <property name="sun.cpu.endian" value="little"/>
    <property name="sun.io.unicode.encoding" value="UnicodeBig"/>
    <property name="socksNonProxyHosts" value="local|*.local|169.254/16|*.169.254/16"/>
    <property name="ftp.nonProxyHosts" value="local|*.local|169.254/16|*.169.254/16"/>
    <property name="sun.cpu.isalist" value=""/>
  </properties>
  <testcase name="Verify Title of the Page" classname="Home Page tests" time="8.295"/>
  <testcase name="Log in credentials test" classname="Home Page tests" time="14.071"/>
  <testcase name="Sign out test" classname="Home Page tests" time="12.1"/>
  <testcase name="Navigation bar test" classname="Home Page tests" time="7.445"/>
  <testcase name="I&apos;m hungry button test" classname="Home Page tests" time="7.52"/>
  <testcase name="Show me more button test" classname="Home Page tests" time="6.847"/>
  <testcase name="Search Restaurants test - Search button" classname="Home Page tests" time="8.88"/>
  <testcase name="Verify all necessary fields available" classname="Search Restaurant Page tests" time="4.609"/>
  <testcase name="Verify Search By field options" classname="Search Restaurant Page tests" time="4.758"/>
  <testcase name="Verify rating options" classname="Search Restaurant Page tests" time="4.476"/>
  <testcase name="Verify food options" classname="Search Restaurant Page tests" time="9.171"/>
  <testcase name="Verify zip code field enable to enter zip code" classname="Search Restaurant Page tests" time="4.649"/>
  <testcase name="Verify Zip code field accepts only valid zip codes" classname="Search Restaurant Page tests" time="13.002"/>
  <testcase name="Verify Search result test" classname="Search Restaurant Page tests" time="11.336"/>
  <testcase name="Verify additional links in Search result" classname="Search Restaurant Page tests" time="12.023"/>
  <testcase name="Verify Address line contains my current location" classname="Search Restaurant Page tests" time="10.641"/>
  <testcase name="Verify entered zip code displayed after click the search button" classname="Search Restaurant Page tests" time="7.836"/>
  <testcase name="Verify Search by rating" classname="Search Restaurant Page tests" time="9.525"/>
  <testcase name="Verify Search by rating" classname="Search Restaurant Page tests" time="5.474"/>
  <testcase name="Verify Search by Type of food" classname="Search Restaurant Page tests" time="9.331"/>
  <testcase name="Verify Search by Type of food" classname="Search Restaurant Page tests" time="5.973"/>
  <testcase name="Verify Search by Type of food" classname="Search Restaurant Page tests" time="9.896"/>
  <testcase name="Verify Search by Type of food" classname="Search Restaurant Page tests" time="5.748"/>
  <testcase name="Verify Search by Type of food" classname="Search Restaurant Page tests" time="9.421"/>
  <testcase name="Verify Search by Type of food" classname="Search Restaurant Page tests" time="6.673"/>
  <testcase name="Verify Search by Type of food" classname="Search Restaurant Page tests" time="11.222"/>
  <testcase name="Verify Search by Type of food" classname="Search Restaurant Page tests" time="5.545"/>
  <testcase name="Verify Search Restaurant based on name" classname="Search Restaurant Page tests" time="11.903"/>
  <testcase name="Verify Reviews information" classname="Search Restaurant Page tests" time="12.238"/>
  <testcase name="Verify Directions information" classname="Search Restaurant Page tests" time="12.536"/>
  <testcase name="Verify Share button information" classname="Search Restaurant Page tests" time="15.197"/>
</testsuite>